09:08:04.733 [main                     ] DEBUG Logger               - Configured Logger
09:08:04.758 [main                     ] DEBUG GameApplication      - Logging settings
Title: NO HALF SENDS
Version: 0.0
Width: 1920
Height: 1080
Fullscreen: true
Intro: false
Profiling: false
Single step:false
App Mode: DEVELOPER
Menu Key: ESCAPE
Stage Style: DECORATED
Scene Factory: class com.almasb.fxgl.app.scene.SceneFactory

09:08:05.672 [JavaFX Application Thread] DEBUG FXGLApplication      - Initializing FXGL
09:08:05.675 [JavaFX Application Thread] INFO  Engine               - FXGL-17.3 (30.03.2023 11.49) on WINDOWS (J:25.0.1 FX:21.0.6)
09:08:05.675 [JavaFX Application Thread] DEBUG Engine               - JRE Vendor Name: Oracle Corporation
09:08:05.676 [JavaFX Application Thread] DEBUG Engine               - Running on OS: Windows 11 version 10.0
09:08:05.676 [JavaFX Application Thread] DEBUG Engine               - Architecture: amd64
09:08:05.676 [JavaFX Application Thread] INFO  Engine               - Source code and latest versions at: https://github.com/AlmasB/FXGL
09:08:05.676 [JavaFX Application Thread] INFO  Engine               -       Ask questions and discuss at: https://github.com/AlmasB/FXGL/discussions
09:08:05.676 [JavaFX Application Thread] INFO  Engine               -              Join the FXGL chat at: https://gitter.im/AlmasB/FXGL
09:08:05.865 [JavaFX Application Thread] DEBUG PrimaryStageWindow   - Creating a JavaFX scene
09:08:05.865 [JavaFX Application Thread] DEBUG PrimaryStageWindow   - Target size > screen size
09:08:05.938 [JavaFX Application Thread] DEBUG PrimaryStageWindow   - Target settings size: 1920.0 x 1080.0
09:08:05.938 [JavaFX Application Thread] DEBUG PrimaryStageWindow   - Scaled scene size:    1511.0 x 864.0
09:08:05.939 [JavaFX Application Thread] DEBUG PrimaryStageWindow   - Scaled ratio: (0.7869791666666667, 0.8)
09:08:05.940 [JavaFX Application Thread] DEBUG PrimaryStageWindow   - Set initial scene to FXGLStartupScene
09:08:05.948 [JavaFX Application Thread] DEBUG PrimaryStageWindow   - Opening main window
09:08:06.079 [JavaFX Application Thread] DEBUG PrimaryStageWindow   - Window border size: (14.5999755859375, 37.5999755859375)
09:08:06.079 [JavaFX Application Thread] DEBUG PrimaryStageWindow   - Scaled size: 1511.0 x 864.0
09:08:06.079 [JavaFX Application Thread] DEBUG PrimaryStageWindow   - Scaled ratio: (0.7869791666666667, 0.8)
09:08:06.080 [JavaFX Application Thread] DEBUG PrimaryStageWindow   - Scene size: 1511.0 x 864.0
09:08:06.080 [JavaFX Application Thread] DEBUG PrimaryStageWindow   - Stage size: 1525.5999755859375 x 901.5999755859375
09:08:06.256 [JavaFX Application Thread] DEBUG PrimaryStageWindow   - Going fullscreen
09:08:06.275 [FXGL Background Thread 1 ] DEBUG Engine               - Initializing environment variables
09:08:06.370 [FXGL Background Thread 1 ] DEBUG FXGLAssetLoaderServi - User app class for loading assets: class at.htl.no_half_sends.NoHalfSendsApp
09:08:06.370 [FXGL Background Thread 1 ] DEBUG GameApplicationServi - Applying CSS: fxgl_dark.css
09:08:06.372 [FXGL Background Thread 1 ] DEBUG FXGLAssetLoaderServi - Loading from file system: jar:file:/C:/Users/deuti/.m2/repository/com/github/almasb/fxgl/17.3/fxgl-17.3.jar!/fxglassets/ui/css/fxgl_dark.css
09:08:06.453 [FXGL Background Thread 1 ] DEBUG GameApplicationServi - Initializing application scenes
09:08:06.530 [FXGL Background Thread 1 ] DEBUG GameWorld            - Game world initialized
09:08:06.648 [FXGL Background Thread 1 ] DEBUG PhysicsWorld         - Physics world initialized: appHeight=1080, physics.ppm=50,0
09:08:06.649 [FXGL Background Thread 1 ] DEBUG PhysicsWorld         - Using strategy: BRUTE_FORCE
09:08:06.656 [FXGL Background Thread 1 ] DEBUG GameScene            - Game scene initialized: 1920x1080
09:08:06.679 [FXGL Background Thread 1 ] DEBUG FXGL.DefaultMenu     - createMenuBodyGameMenu()
09:08:06.706 [FXGL Background Thread 1 ] DEBUG FXGL.DefaultMenu     - createOptionsMenu()
09:08:06.724 [FXGL Background Thread 1 ] DEBUG FXGLAssetLoaderServi - Loading from file system: jar:file:/C:/Users/deuti/.m2/repository/com/github/almasb/fxgl/17.3/fxgl-17.3.jar!/fxglassets/textures/particles/smoke.png
09:08:06.862 [FXGL Background Thread 1 ] DEBUG FXGLAssetLoaderServi - Loading from file system: jar:file:/C:/Users/deuti/.m2/repository/com/github/almasb/fxgl/17.3/fxgl-17.3.jar!/fxglassets/textures/particles/trace_horizontal.png
09:08:06.903 [FXGL Background Thread 1 ] DEBUG GameApplicationServi - Application scenes initialized
09:08:06.928 [FXGL Background Thread 1 ] DEBUG SystemBundleService  - Loading FXGL system data
09:08:06.937 [FXGL Background Thread 1 ] DEBUG FileSystemAccess     - Reading from: C:\Users\deuti\Desktop\NO_HALF_SENDS\NO-HALF-SENDS\NO_HALF_SENDS\system\fxgl.bundle
09:08:06.954 [FXGL Background Thread 1 ] DEBUG SystemBundleService  - Bundle FXGL: {}
09:08:06.954 [FXGL Background Thread 1 ] DEBUG UpdaterService       - Checking for updates
09:08:07.005 [FXGL Background Thread 4 ] DEBUG FXGLApplication      - Loading fonts
09:08:07.006 [FXGL Background Thread 4 ] DEBUG FXGLAssetLoaderServi - Loading from file system: jar:file:/C:/Users/deuti/.m2/repository/com/github/almasb/fxgl/17.3/fxgl-17.3.jar!/fxglassets/ui/fonts/VarelaRound-Regular.ttf
09:08:07.008 [FXGL Background Thread 1 ] DEBUG FXGLApplication      - Loading default localization
09:08:07.009 [FXGL Background Thread 1 ] DEBUG FXGLAssetLoaderServi - Loading from file system: jar:file:/C:/Users/deuti/.m2/repository/com/github/almasb/fxgl/17.3/fxgl-17.3.jar!/fxglassets/languages/english.lang
09:08:07.049 [FXGL Background Thread 1 ] INFO  FXGLApplication      - FXGL initialization took: 0,775 sec
09:08:07.069 [JavaFX Application Thread] DEBUG Input                - Registered new binding: Gas geben - W
09:08:07.070 [JavaFX Application Thread] DEBUG Input                - Registered new binding: Bremsen / Rückwärts - S
09:08:07.071 [JavaFX Application Thread] DEBUG Input                - Registered new binding: Links lenken - A
09:08:07.071 [JavaFX Application Thread] DEBUG Input                - Registered new binding: Rechts lenken - D
09:08:07.073 [JavaFX Application Thread] DEBUG FXGLAssetLoaderServi - Loading from file system: jar:file:/C:/Users/deuti/.m2/repository/com/github/almasb/fxgl/17.3/fxgl-17.3.jar!/fxglassets/textures/fxgl_icon.png
09:08:07.086 [FXGL Background Thread 4 ] DEBUG FXGLAssetLoaderServi - Loading from file system: jar:file:/C:/Users/deuti/.m2/repository/com/github/almasb/fxgl/17.3/fxgl-17.3.jar!/fxglassets/ui/fonts/Abel-Regular.ttf
09:08:07.107 [FXGL Background Thread 4 ] DEBUG FXGLAssetLoaderServi - Loading from file system: jar:file:/C:/Users/deuti/.m2/repository/com/github/almasb/fxgl/17.3/fxgl-17.3.jar!/fxglassets/ui/fonts/TerminalLandMono-Regular.otf
09:08:07.114 [JavaFX Application Thread] DEBUG FXGLAssetLoaderServi - Loading from file system: jar:file:/C:/Users/deuti/.m2/repository/com/github/almasb/fxgl/17.3/fxgl-17.3.jar!/fxglassets/textures/fxgl_default_cursor.png
09:08:07.120 [JavaFX Application Thread] DEBUG Input                - Registered new binding: Screenshot - CTRL+8
09:08:07.121 [JavaFX Application Thread] DEBUG Input                - Registered new binding: Dev Options - 1
09:08:07.122 [JavaFX Application Thread] DEBUG Input                - Registered new binding: Dev Console - 2
09:08:07.124 [JavaFX Application Thread] DEBUG Input                - Registered new binding: System info dump - CTRL+9
09:08:07.125 [JavaFX Application Thread] DEBUG Input                - Registered new binding: Restart - CTRL+R
09:08:07.127 [JavaFX Application Thread] DEBUG Input                - Registered new binding: Toggle Debug Camera - CTRL+7
09:08:07.134 [FXGL Background Thread 4 ] DEBUG FXGLAssetLoaderServi - Loading from file system: jar:file:/C:/Users/deuti/.m2/repository/com/github/almasb/fxgl/17.3/fxgl-17.3.jar!/fxglassets/ui/fonts/Courier-Prime.ttf
09:08:07.138 [JavaFX Application Thread] DEBUG LoopRunner           - Starting loop
09:08:07.182 [JavaFX Application Thread] DEBUG LoopRunner           - Initializing JavaFX AnimationTimerLoop
09:08:07.186 [JavaFX Application Thread] DEBUG GameApplicationServi - Starting new game
09:08:07.187 [JavaFX Application Thread] DEBUG Input                - Clearing active input actions
09:08:07.216 [JavaFX Application Thread] DEBUG GameApplicationServi - Removing overlay from FXGLStartupScene and adding to FXGLLoadingScene
09:08:07.221 [JavaFX Application Thread] DEBUG PrimaryStageWindow   - FXGLStartupScene -> FXGLLoadingScene
09:08:07.222 [JavaFX Application Thread] DEBUG GameApplicationServi - Clearing previous game
09:08:07.222 [JavaFX Application Thread] DEBUG GameScene            - Clearing game scene
09:08:07.222 [JavaFX Application Thread] DEBUG GameWorld            - Clearing game world
09:08:07.222 [JavaFX Application Thread] DEBUG PhysicsWorld         - Clearing physics world
09:08:07.224 [FXGL Background Thread 4 ] DEBUG FXGLApplication      - Initializing game
09:08:07.224 [JavaFX Application Thread] DEBUG FXGLApplication      - Registering font factories with UI factory
09:08:07.332 [FXGL Background Thread 4 ] WARN  TMXLevelLoader       - TiledMap generated from 1.11.2. Supported version: 1.9.0. Some features may not be parsed fully.
09:08:07.339 [FXGL Background Thread 4 ] DEBUG TMXLevelLoader       - Parsed TiledMap: file:/C:/Users/deuti/Desktop/NO_HALF_SENDS/NO-HALF-SENDS/NO_HALF_SENDS/target/classes/assets/levels/Test_MK6.tmx
09:08:07.341 [FXGL Background Thread 4 ] DEBUG TMXLevelLoader       - Creating tile layer entities
09:08:07.345 [FXGL Background Thread 4 ] DEBUG TilesetLoader        - Loading view for layer Kachelebene 1
09:08:07.959 [FXGL Background Thread 4 ] DEBUG TilesetLoader        - Created buffer with size 15360.0x15360.0
09:08:08.076 [FXGL Background Thread 4 ] WARN  TilesetLoader        - Diagonally flipped tiles are not currently supported
09:08:08.134 [FXGL Background Thread 4 ] WARN  TilesetLoader        - Diagonally flipped tiles are not currently supported
09:08:08.244 [FXGL Background Thread 4 ] WARN  TilesetLoader        - Diagonally flipped tiles are not currently supported
09:08:08.306 [FXGL Background Thread 4 ] WARN  TilesetLoader        - Diagonally flipped tiles are not currently supported
09:08:08.383 [FXGL Background Thread 4 ] WARN  TilesetLoader        - Diagonally flipped tiles are not currently supported
09:08:08.450 [FXGL Background Thread 4 ] WARN  TilesetLoader        - Diagonally flipped tiles are not currently supported
09:08:08.518 [FXGL Background Thread 4 ] WARN  TilesetLoader        - Diagonally flipped tiles are not currently supported
09:08:08.539 [FXGL Background Thread 2 ] INFO  UpdaterService       - Your current version:  17.3
09:08:08.541 [FXGL Background Thread 2 ] INFO  UpdaterService       - Latest stable version: 25
09:08:08.586 [FXGL Background Thread 4 ] WARN  TilesetLoader        - Diagonally flipped tiles are not currently supported
09:08:08.640 [FXGL Background Thread 4 ] WARN  TilesetLoader        - Diagonally flipped tiles are not currently supported
09:08:08.688 [FXGL Background Thread 4 ] WARN  TilesetLoader        - Diagonally flipped tiles are not currently supported
09:08:08.732 [FXGL Background Thread 4 ] WARN  TilesetLoader        - Diagonally flipped tiles are not currently supported
09:08:08.779 [FXGL Background Thread 4 ] WARN  TilesetLoader        - Diagonally flipped tiles are not currently supported
09:08:08.827 [FXGL Background Thread 4 ] WARN  TilesetLoader        - Diagonally flipped tiles are not currently supported
09:08:08.828 [FXGL Background Thread 4 ] DEBUG TMXLevelLoader       - Creating object layer entities
09:08:08.831 [FXGL Background Thread 4 ] DEBUG GameWorld            - Clearing removable entities
09:08:08.832 [FXGL Background Thread 4 ] DEBUG GameWorld            - Setting level: com.almasb.fxgl.entity.level.Level@6a5ea391
09:08:08.838 [FXGL Background Thread 4 ] DEBUG FXGLAssetLoaderServi - Loading from file system: file:/C:/Users/deuti/Desktop/NO_HALF_SENDS/NO-HALF-SENDS/NO_HALF_SENDS/target/classes/assets/textures/Nissan_GTR_R35_mk2.png
09:08:08.879 [FXGL Background Thread 4 ] INFO  FXGLApplication      - Game initialization took: 1,655 sec
09:08:08.880 [JavaFX Application Thread] DEBUG Input                - Clearing active input actions
09:08:08.888 [JavaFX Application Thread] DEBUG GameApplicationServi - Removing overlay from FXGLLoadingScene and adding to GameScene
09:08:08.894 [JavaFX Application Thread] DEBUG PrimaryStageWindow   - FXGLLoadingScene -> GameScene
09:08:10.002 [FXGL Background Thread 3 ] DEBUG Engine               - Logging environment variables
09:08:10.002 [FXGL Background Thread 3 ] DEBUG Engine               - achievements: []
09:08:10.002 [FXGL Background Thread 3 ] DEBUG Engine               - actualHeight: 864.0
09:08:10.002 [FXGL Background Thread 3 ] DEBUG Engine               - actualHeightProperty: ReadOnlyDoubleProperty [value: 864.0]
09:08:10.002 [FXGL Background Thread 3 ] DEBUG Engine               - actualWidth: 1536.0
09:08:10.002 [FXGL Background Thread 3 ] DEBUG Engine               - actualWidthProperty: ReadOnlyDoubleProperty [value: 1536.0]
09:08:10.002 [FXGL Background Thread 3 ] DEBUG Engine               - appIcon: fxgl_icon.png
09:08:10.002 [FXGL Background Thread 3 ] DEBUG Engine               - applicationMode: DEVELOPER
09:08:10.002 [FXGL Background Thread 3 ] DEBUG Engine               - cSSList: [fxgl_dark.css]
09:08:10.002 [FXGL Background Thread 3 ] DEBUG Engine               - collisionDetectionStrategy: BRUTE_FORCE
09:08:10.002 [FXGL Background Thread 3 ] DEBUG Engine               - configClass: Optional.empty
09:08:10.002 [FXGL Background Thread 3 ] DEBUG Engine               - credits: []
09:08:10.004 [FXGL Background Thread 3 ] DEBUG Engine               - defaultCursor: CursorInfo(imageName=fxgl_default_cursor.png, hotspotX=7.0, hotspotY=6.0)
09:08:10.004 [FXGL Background Thread 3 ] DEBUG Engine               - devBBoxColorProperty: ObjectProperty [value: 0xff0000ff]
09:08:10.004 [FXGL Background Thread 3 ] DEBUG Engine               - devEnableDebugCameraProperty: BooleanProperty [value: false]
09:08:10.004 [FXGL Background Thread 3 ] DEBUG Engine               - devSensorColorProperty: ObjectProperty [value: 0xffff00ff]
09:08:10.004 [FXGL Background Thread 3 ] DEBUG Engine               - devShowBBoxProperty: BooleanProperty [value: false]
09:08:10.004 [FXGL Background Thread 3 ] DEBUG Engine               - devShowPositionProperty: BooleanProperty [value: false]
09:08:10.004 [FXGL Background Thread 3 ] DEBUG Engine               - enabledMenuItems: []
09:08:10.004 [FXGL Background Thread 3 ] DEBUG Engine               - engineServices: [class com.almasb.fxgl.app.services.FXGLAssetLoaderService, class com.almasb.fxgl.app.FXGLApplication$GameApplicationService, class com.almasb.fxgl.app.services.FXGLDialogService, class com.almasb.fxgl.app.services.IOTaskExecutorService, class com.almasb.fxgl.io.FileSystemService, class com.almasb.fxgl.localization.LocalizationService, class com.almasb.fxgl.app.services.SystemBundleService, class com.almasb.fxgl.profile.SaveLoadService, class com.almasb.fxgl.ui.FXGLUIFactoryServiceProvider, class com.almasb.fxgl.ui.FXGLDialogFactoryServiceProvider, class com.almasb.fxgl.audio.AudioPlayer, class com.almasb.fxgl.notification.impl.NotificationServiceProvider, class com.almasb.fxgl.achievement.AchievementService, class com.almasb.fxgl.cutscene.CutsceneService, class com.almasb.fxgl.minigames.MiniGameService, class com.almasb.fxgl.net.NetService, class com.almasb.fxgl.app.services.UpdaterService, class com.almasb.fxgl.dev.DevService]
09:08:10.004 [FXGL Background Thread 3 ] DEBUG Engine               - fontGame: Abel-Regular.ttf
09:08:10.004 [FXGL Background Thread 3 ] DEBUG Engine               - fontMono: TerminalLandMono-Regular.otf
09:08:10.005 [FXGL Background Thread 3 ] DEBUG Engine               - fontSizeScaleUI: 1.0
09:08:10.005 [FXGL Background Thread 3 ] DEBUG Engine               - fontText: Courier-Prime.ttf
09:08:10.005 [FXGL Background Thread 3 ] DEBUG Engine               - fontUI: VarelaRound-Regular.ttf
09:08:10.005 [FXGL Background Thread 3 ] DEBUG Engine               - fullScreen: BooleanProperty [value: true]
09:08:10.005 [FXGL Background Thread 3 ] DEBUG Engine               - gameDifficulty: MEDIUM
09:08:10.005 [FXGL Background Thread 3 ] DEBUG Engine               - gameDifficultyProperty: ObjectProperty [value: MEDIUM]
09:08:10.005 [FXGL Background Thread 3 ] DEBUG Engine               - globalMusicVolume: 0.5
09:08:10.005 [FXGL Background Thread 3 ] DEBUG Engine               - globalMusicVolumeProperty: DoubleProperty [value: 0.5]
09:08:10.005 [FXGL Background Thread 3 ] DEBUG Engine               - globalSoundVolume: 0.5
09:08:10.005 [FXGL Background Thread 3 ] DEBUG Engine               - globalSoundVolumeProperty: DoubleProperty [value: 0.5]
09:08:10.005 [FXGL Background Thread 3 ] DEBUG Engine               - height: 1080
09:08:10.005 [FXGL Background Thread 3 ] DEBUG Engine               - is3D: false
09:08:10.005 [FXGL Background Thread 3 ] DEBUG Engine               - isAndroid: false
09:08:10.006 [FXGL Background Thread 3 ] DEBUG Engine               - isBrowser: false
09:08:10.006 [FXGL Background Thread 3 ] DEBUG Engine               - isClickFeedbackEnabled: false
09:08:10.006 [FXGL Background Thread 3 ] DEBUG Engine               - isCloseConfirmation: false
09:08:10.006 [FXGL Background Thread 3 ] DEBUG Engine               - isDesktop: true
09:08:10.006 [FXGL Background Thread 3 ] DEBUG Engine               - isDeveloperMenuEnabled: true
09:08:10.006 [FXGL Background Thread 3 ] DEBUG Engine               - isEmbedded: false
09:08:10.006 [FXGL Background Thread 3 ] DEBUG Engine               - isEntityPreloadEnabled: true
09:08:10.006 [FXGL Background Thread 3 ] DEBUG Engine               - isExperimentalTiledLargeMap: false
09:08:10.006 [FXGL Background Thread 3 ] DEBUG Engine               - isFileSystemWriteAllowed: true
09:08:10.006 [FXGL Background Thread 3 ] DEBUG Engine               - isFullScreenAllowed: true
09:08:10.006 [FXGL Background Thread 3 ] DEBUG Engine               - isFullScreenFromStart: true
09:08:10.006 [FXGL Background Thread 3 ] DEBUG Engine               - isGameMenuEnabled: true
09:08:10.006 [FXGL Background Thread 3 ] DEBUG Engine               - isIOS: false
09:08:10.006 [FXGL Background Thread 3 ] DEBUG Engine               - isIntroEnabled: false
09:08:10.006 [FXGL Background Thread 3 ] DEBUG Engine               - isLinux: false
09:08:10.006 [FXGL Background Thread 3 ] DEBUG Engine               - isMac: false
09:08:10.006 [FXGL Background Thread 3 ] DEBUG Engine               - isMainMenuEnabled: false
09:08:10.006 [FXGL Background Thread 3 ] DEBUG Engine               - isManualResizeEnabled: false
09:08:10.006 [FXGL Background Thread 3 ] DEBUG Engine               - isMobile: false
09:08:10.006 [FXGL Background Thread 3 ] DEBUG Engine               - isNative: false
09:08:10.006 [FXGL Background Thread 3 ] DEBUG Engine               - isPauseMusicWhenMinimized: true
09:08:10.006 [FXGL Background Thread 3 ] DEBUG Engine               - isPreserveResizeRatio: false
09:08:10.006 [FXGL Background Thread 3 ] DEBUG Engine               - isProfilingEnabled: false
09:08:10.006 [FXGL Background Thread 3 ] DEBUG Engine               - isScaleAffectedOnResize: true
09:08:10.006 [FXGL Background Thread 3 ] DEBUG Engine               - isSingleStep: false
09:08:10.006 [FXGL Background Thread 3 ] DEBUG Engine               - isUserProfileEnabled: false
09:08:10.006 [FXGL Background Thread 3 ] DEBUG Engine               - isWindows: true
09:08:10.006 [FXGL Background Thread 3 ] DEBUG Engine               - language: ObjectProperty [value: ENGLISH]
09:08:10.006 [FXGL Background Thread 3 ] DEBUG Engine               - menuKey: ESCAPE
09:08:10.006 [FXGL Background Thread 3 ] DEBUG Engine               - mouseSensitivity: 0.2
09:08:10.006 [FXGL Background Thread 3 ] DEBUG Engine               - notificationViewClass: class com.almasb.fxgl.notification.view.XboxNotificationView
09:08:10.006 [FXGL Background Thread 3 ] DEBUG Engine               - pixelsPerMeter: 50.0
09:08:10.007 [FXGL Background Thread 3 ] DEBUG Engine               - platform: WINDOWS
09:08:10.007 [FXGL Background Thread 3 ] DEBUG Engine               - prefHeightProperty: ReadOnlyDoubleProperty [value: 1080.0]
09:08:10.007 [FXGL Background Thread 3 ] DEBUG Engine               - prefWidthProperty: ReadOnlyDoubleProperty [value: 1920.0]
09:08:10.007 [FXGL Background Thread 3 ] DEBUG Engine               - profileDir: profiles/
09:08:10.007 [FXGL Background Thread 3 ] DEBUG Engine               - profileName: StringProperty [value: DEFAULT]
09:08:10.007 [FXGL Background Thread 3 ] DEBUG Engine               - randomSeed: -1
09:08:10.007 [FXGL Background Thread 3 ] DEBUG Engine               - runtimeInfo: RuntimeInfo(platform=WINDOWS, version=17.3, build=30.03.2023 11.49)
09:08:10.007 [FXGL Background Thread 3 ] DEBUG Engine               - saveFileExt: sav
09:08:10.007 [FXGL Background Thread 3 ] DEBUG Engine               - scaledHeightProp$fxgl: DoubleProperty [bound, value: 864.0]
09:08:10.007 [FXGL Background Thread 3 ] DEBUG Engine               - scaledWidthProp$fxgl: DoubleProperty [bound, value: 1536.0]
09:08:10.007 [FXGL Background Thread 3 ] DEBUG Engine               - sceneFactory: com.almasb.fxgl.app.scene.SceneFactory@73f1f3e9
09:08:10.007 [FXGL Background Thread 3 ] DEBUG Engine               - secondsIn24h: 60
09:08:10.007 [FXGL Background Thread 3 ] DEBUG Engine               - soundMenuBack: menu/back.wav
09:08:10.007 [FXGL Background Thread 3 ] DEBUG Engine               - soundMenuPress: menu/press.wav
09:08:10.007 [FXGL Background Thread 3 ] DEBUG Engine               - soundMenuSelect: menu/select.wav
09:08:10.007 [FXGL Background Thread 3 ] DEBUG Engine               - soundNotification: core/notification.wav
09:08:10.007 [FXGL Background Thread 3 ] DEBUG Engine               - stageStyle: DECORATED
09:08:10.007 [FXGL Background Thread 3 ] DEBUG Engine               - supportedLanguages: [ENGLISH, FRENCH, GERMAN, HUNGARIAN, RUSSIAN]
09:08:10.007 [FXGL Background Thread 3 ] DEBUG Engine               - ticksPerSecond: -1
09:08:10.007 [FXGL Background Thread 3 ] DEBUG Engine               - title: NO HALF SENDS
09:08:10.007 [FXGL Background Thread 3 ] DEBUG Engine               - urlGithub: https://github.com/AlmasB/FXGL
09:08:10.007 [FXGL Background Thread 3 ] DEBUG Engine               - urlLeaderboard: http://fxgl-top.herokuapp.com/
09:08:10.007 [FXGL Background Thread 3 ] DEBUG Engine               - urlPOM: https://raw.githubusercontent.com/AlmasB/FXGL/release/README.md
09:08:10.007 [FXGL Background Thread 3 ] DEBUG Engine               - userAppClass: class at.htl.no_half_sends.NoHalfSendsApp
09:08:10.007 [FXGL Background Thread 3 ] DEBUG Engine               - version: 0.0
09:08:10.008 [FXGL Background Thread 3 ] DEBUG Engine               - versionCheckDays: 7
09:08:10.008 [FXGL Background Thread 3 ] DEBUG Engine               - width: 1920
09:08:10.008 [FXGL Background Thread 3 ] DEBUG Engine               - Logging services
09:08:10.008 [FXGL Background Thread 3 ] DEBUG Engine               - class com.almasb.fxgl.app.services.FXGLAssetLoaderService
09:08:10.008 [FXGL Background Thread 3 ] DEBUG Engine               - class com.almasb.fxgl.app.FXGLApplication$GameApplicationService
09:08:10.008 [FXGL Background Thread 3 ] DEBUG Engine               - class com.almasb.fxgl.app.services.FXGLDialogService
09:08:10.008 [FXGL Background Thread 3 ] DEBUG Engine               - class com.almasb.fxgl.app.services.IOTaskExecutorService
09:08:10.008 [FXGL Background Thread 3 ] DEBUG Engine               - class com.almasb.fxgl.io.FileSystemService
09:08:10.008 [FXGL Background Thread 3 ] DEBUG Engine               - class com.almasb.fxgl.localization.LocalizationService
09:08:10.008 [FXGL Background Thread 3 ] DEBUG Engine               - class com.almasb.fxgl.app.services.SystemBundleService
09:08:10.008 [FXGL Background Thread 3 ] DEBUG Engine               - class com.almasb.fxgl.profile.SaveLoadService
09:08:10.008 [FXGL Background Thread 3 ] DEBUG Engine               - class com.almasb.fxgl.ui.FXGLUIFactoryServiceProvider
09:08:10.008 [FXGL Background Thread 3 ] DEBUG Engine               - class com.almasb.fxgl.ui.FXGLDialogFactoryServiceProvider
09:08:10.008 [FXGL Background Thread 3 ] DEBUG Engine               - class com.almasb.fxgl.audio.AudioPlayer
09:08:10.008 [FXGL Background Thread 3 ] DEBUG Engine               - class com.almasb.fxgl.notification.impl.NotificationServiceProvider
09:08:10.008 [FXGL Background Thread 3 ] DEBUG Engine               - class com.almasb.fxgl.achievement.AchievementService
09:08:10.008 [FXGL Background Thread 3 ] DEBUG Engine               - class com.almasb.fxgl.cutscene.CutsceneService
09:08:10.008 [FXGL Background Thread 3 ] DEBUG Engine               - class com.almasb.fxgl.minigames.MiniGameService
09:08:10.008 [FXGL Background Thread 3 ] DEBUG Engine               - class com.almasb.fxgl.net.NetService
09:08:10.008 [FXGL Background Thread 3 ] DEBUG Engine               - class com.almasb.fxgl.app.services.UpdaterService
09:08:10.008 [FXGL Background Thread 3 ] DEBUG Engine               - class com.almasb.fxgl.dev.DevService
09:08:17.451 [JavaFX Application Thread] DEBUG PrimaryStageWindow   - Push state: FXGLDefaultMenu
09:08:17.464 [JavaFX Application Thread] DEBUG Input                - Clearing active input actions
09:08:17.467 [JavaFX Application Thread] DEBUG GameApplicationServi - Removing overlay from GameScene and adding to FXGLDefaultMenu
09:08:17.470 [JavaFX Application Thread] DEBUG PrimaryStageWindow   - GameScene -> FXGLDefaultMenu
09:08:31.663 [JavaFX Application Thread] DEBUG Menu                 - fireExit()
09:08:31.671 [JavaFX Application Thread] DEBUG PrimaryStageWindow   - Push state: DialogSubScene
09:08:31.671 [JavaFX Application Thread] DEBUG Input                - Clearing active input actions
09:08:31.673 [JavaFX Application Thread] DEBUG GameApplicationServi - Removing overlay from FXGLDefaultMenu and adding to DialogSubScene
09:08:31.673 [JavaFX Application Thread] DEBUG PrimaryStageWindow   - FXGLDefaultMenu -> DialogSubScene
09:08:34.775 [JavaFX Application Thread] DEBUG PrimaryStageWindow   - Pop state: DialogSubScene
09:08:34.775 [JavaFX Application Thread] DEBUG Input                - Clearing active input actions
09:08:34.776 [JavaFX Application Thread] DEBUG GameApplicationServi - Removing overlay from DialogSubScene and adding to FXGLDefaultMenu
09:08:34.777 [JavaFX Application Thread] DEBUG PrimaryStageWindow   - FXGLDefaultMenu <- DialogSubScene
09:08:34.777 [JavaFX Application Thread] DEBUG FXGLApplication      - Exiting FXGL
09:08:34.777 [JavaFX Application Thread] DEBUG LoopRunner           - Stopping loop
09:08:34.777 [JavaFX Application Thread] DEBUG SystemBundleService  - Saving FXGL system data
09:08:34.780 [JavaFX Application Thread] DEBUG FileSystemAccess     - Writing to: C:\Users\deuti\Desktop\NO_HALF_SENDS\NO-HALF-SENDS\NO_HALF_SENDS\system\fxgl.bundle
09:08:34.782 [JavaFX Application Thread] DEBUG Async                - Shutting down background threads
09:08:34.782 [JavaFX Application Thread] DEBUG PrimaryStageWindow   - Closing main window
09:08:35.120 [JavaFX Application Thread] DEBUG Logger               - Closing Logger
