12:13:32.545 [main                     ] DEBUG Logger               - Configured Logger
12:13:32.555 [main                     ] DEBUG GameApplication      - Logging settings
Title: NO HALF SENDS
Version: 0.0
Width: 1920
Height: 1080
Fullscreen: true
Intro: false
Profiling: false
Single step:false
App Mode: DEVELOPER
Menu Key: ESCAPE
Stage Style: DECORATED
Scene Factory: class com.almasb.fxgl.app.scene.SceneFactory

12:13:32.999 [JavaFX Application Thread] DEBUG FXGLApplication      - Initializing FXGL
12:13:33.002 [JavaFX Application Thread] INFO  Engine               - FXGL-17.3 (30.03.2023 11.49) on WINDOWS (J:25.0.1 FX:21.0.6)
12:13:33.002 [JavaFX Application Thread] DEBUG Engine               - JRE Vendor Name: Oracle Corporation
12:13:33.002 [JavaFX Application Thread] DEBUG Engine               - Running on OS: Windows 11 version 10.0
12:13:33.002 [JavaFX Application Thread] DEBUG Engine               - Architecture: amd64
12:13:33.002 [JavaFX Application Thread] INFO  Engine               - Source code and latest versions at: https://github.com/AlmasB/FXGL
12:13:33.003 [JavaFX Application Thread] INFO  Engine               -       Ask questions and discuss at: https://github.com/AlmasB/FXGL/discussions
12:13:33.003 [JavaFX Application Thread] INFO  Engine               -              Join the FXGL chat at: https://gitter.im/AlmasB/FXGL
12:13:33.117 [JavaFX Application Thread] DEBUG PrimaryStageWindow   - Creating a JavaFX scene
12:13:33.117 [JavaFX Application Thread] DEBUG PrimaryStageWindow   - Target size > screen size
12:13:33.169 [JavaFX Application Thread] DEBUG PrimaryStageWindow   - Target settings size: 1920.0 x 1080.0
12:13:33.169 [JavaFX Application Thread] DEBUG PrimaryStageWindow   - Scaled scene size:    1511.0 x 864.0
12:13:33.169 [JavaFX Application Thread] DEBUG PrimaryStageWindow   - Scaled ratio: (0.7869791666666667, 0.8)
12:13:33.171 [JavaFX Application Thread] DEBUG PrimaryStageWindow   - Set initial scene to FXGLStartupScene
12:13:33.175 [JavaFX Application Thread] DEBUG PrimaryStageWindow   - Opening main window
12:13:33.294 [JavaFX Application Thread] DEBUG PrimaryStageWindow   - Window border size: (14.5999755859375, 37.5999755859375)
12:13:33.294 [JavaFX Application Thread] DEBUG PrimaryStageWindow   - Scaled size: 1511.0 x 864.0
12:13:33.294 [JavaFX Application Thread] DEBUG PrimaryStageWindow   - Scaled ratio: (0.7869791666666667, 0.8)
12:13:33.295 [JavaFX Application Thread] DEBUG PrimaryStageWindow   - Scene size: 1511.0 x 864.0
12:13:33.295 [JavaFX Application Thread] DEBUG PrimaryStageWindow   - Stage size: 1525.5999755859375 x 901.5999755859375
12:13:33.386 [JavaFX Application Thread] DEBUG PrimaryStageWindow   - Going fullscreen
12:13:33.396 [FXGL Background Thread 1 ] DEBUG Engine               - Initializing environment variables
12:13:33.462 [FXGL Background Thread 1 ] DEBUG FXGLAssetLoaderServi - User app class for loading assets: class at.htl.no_half_sends.NoHalfSendsApp
12:13:33.462 [FXGL Background Thread 1 ] DEBUG GameApplicationServi - Applying CSS: fxgl_dark.css
12:13:33.463 [FXGL Background Thread 1 ] DEBUG FXGLAssetLoaderServi - Loading from file system: jar:file:/C:/Users/deuti/.m2/repository/com/github/almasb/fxgl/17.3/fxgl-17.3.jar!/fxglassets/ui/css/fxgl_dark.css
12:13:33.509 [FXGL Background Thread 1 ] DEBUG GameApplicationServi - Initializing application scenes
12:13:33.552 [FXGL Background Thread 1 ] DEBUG GameWorld            - Game world initialized
12:13:33.623 [FXGL Background Thread 1 ] DEBUG PhysicsWorld         - Physics world initialized: appHeight=1080, physics.ppm=50,0
12:13:33.624 [FXGL Background Thread 1 ] DEBUG PhysicsWorld         - Using strategy: BRUTE_FORCE
12:13:33.629 [FXGL Background Thread 1 ] DEBUG GameScene            - Game scene initialized: 1920x1080
12:13:33.644 [FXGL Background Thread 1 ] DEBUG FXGL.DefaultMenu     - createMenuBodyGameMenu()
12:13:33.663 [FXGL Background Thread 1 ] DEBUG FXGL.DefaultMenu     - createOptionsMenu()
12:13:33.679 [FXGL Background Thread 1 ] DEBUG FXGLAssetLoaderServi - Loading from file system: jar:file:/C:/Users/deuti/.m2/repository/com/github/almasb/fxgl/17.3/fxgl-17.3.jar!/fxglassets/textures/particles/smoke.png
12:13:33.780 [FXGL Background Thread 1 ] DEBUG FXGLAssetLoaderServi - Loading from file system: jar:file:/C:/Users/deuti/.m2/repository/com/github/almasb/fxgl/17.3/fxgl-17.3.jar!/fxglassets/textures/particles/trace_horizontal.png
12:13:33.816 [FXGL Background Thread 1 ] DEBUG GameApplicationServi - Application scenes initialized
12:13:33.832 [FXGL Background Thread 1 ] DEBUG SystemBundleService  - Loading FXGL system data
12:13:33.837 [FXGL Background Thread 1 ] DEBUG FileSystemAccess     - Reading from: C:\Users\deuti\Desktop\NO_HALF_SENDS\NO-HALF-SENDS\NO_HALF_SENDS\system\fxgl.bundle
12:13:33.845 [FXGL Background Thread 1 ] DEBUG SystemBundleService  - Bundle FXGL: {}
12:13:33.846 [FXGL Background Thread 1 ] DEBUG UpdaterService       - Checking for updates
12:13:33.879 [FXGL Background Thread 4 ] DEBUG FXGLApplication      - Loading fonts
12:13:33.880 [FXGL Background Thread 4 ] DEBUG FXGLAssetLoaderServi - Loading from file system: jar:file:/C:/Users/deuti/.m2/repository/com/github/almasb/fxgl/17.3/fxgl-17.3.jar!/fxglassets/ui/fonts/VarelaRound-Regular.ttf
12:13:33.880 [FXGL Background Thread 1 ] DEBUG FXGLApplication      - Loading default localization
12:13:33.881 [FXGL Background Thread 1 ] DEBUG FXGLAssetLoaderServi - Loading from file system: jar:file:/C:/Users/deuti/.m2/repository/com/github/almasb/fxgl/17.3/fxgl-17.3.jar!/fxglassets/languages/english.lang
12:13:33.903 [FXGL Background Thread 1 ] INFO  FXGLApplication      - FXGL initialization took: 0,507 sec
12:13:33.919 [JavaFX Application Thread] DEBUG Input                - Registered new binding: action0 - S
12:13:33.920 [JavaFX Application Thread] DEBUG Input                - Registered new binding: action1 - W
12:13:33.923 [JavaFX Application Thread] DEBUG Input                - Registered new binding: action2 - A
12:13:33.924 [JavaFX Application Thread] DEBUG Input                - Registered new binding: action3 - D
12:13:33.925 [JavaFX Application Thread] DEBUG FXGLAssetLoaderServi - Loading from file system: jar:file:/C:/Users/deuti/.m2/repository/com/github/almasb/fxgl/17.3/fxgl-17.3.jar!/fxglassets/textures/fxgl_icon.png
12:13:33.950 [FXGL Background Thread 4 ] DEBUG FXGLAssetLoaderServi - Loading from file system: jar:file:/C:/Users/deuti/.m2/repository/com/github/almasb/fxgl/17.3/fxgl-17.3.jar!/fxglassets/ui/fonts/Abel-Regular.ttf
12:13:33.952 [JavaFX Application Thread] DEBUG FXGLAssetLoaderServi - Loading from file system: jar:file:/C:/Users/deuti/.m2/repository/com/github/almasb/fxgl/17.3/fxgl-17.3.jar!/fxglassets/textures/fxgl_default_cursor.png
12:13:33.955 [JavaFX Application Thread] DEBUG Input                - Registered new binding: Screenshot - CTRL+8
12:13:33.956 [JavaFX Application Thread] DEBUG Input                - Registered new binding: Dev Options - 1
12:13:33.957 [JavaFX Application Thread] DEBUG Input                - Registered new binding: Dev Console - 2
12:13:33.957 [JavaFX Application Thread] DEBUG Input                - Registered new binding: System info dump - CTRL+9
12:13:33.958 [JavaFX Application Thread] DEBUG Input                - Registered new binding: Restart - CTRL+R
12:13:33.959 [JavaFX Application Thread] DEBUG Input                - Registered new binding: Toggle Debug Camera - CTRL+7
12:13:33.967 [JavaFX Application Thread] DEBUG LoopRunner           - Starting loop
12:13:33.970 [FXGL Background Thread 4 ] DEBUG FXGLAssetLoaderServi - Loading from file system: jar:file:/C:/Users/deuti/.m2/repository/com/github/almasb/fxgl/17.3/fxgl-17.3.jar!/fxglassets/ui/fonts/TerminalLandMono-Regular.otf
12:13:33.993 [JavaFX Application Thread] DEBUG LoopRunner           - Initializing JavaFX AnimationTimerLoop
12:13:33.995 [JavaFX Application Thread] DEBUG GameApplicationServi - Starting new game
12:13:33.996 [JavaFX Application Thread] DEBUG Input                - Clearing active input actions
12:13:34.011 [FXGL Background Thread 4 ] DEBUG FXGLAssetLoaderServi - Loading from file system: jar:file:/C:/Users/deuti/.m2/repository/com/github/almasb/fxgl/17.3/fxgl-17.3.jar!/fxglassets/ui/fonts/Courier-Prime.ttf
12:13:34.017 [JavaFX Application Thread] DEBUG GameApplicationServi - Removing overlay from FXGLStartupScene and adding to FXGLLoadingScene
12:13:34.023 [JavaFX Application Thread] DEBUG PrimaryStageWindow   - FXGLStartupScene -> FXGLLoadingScene
12:13:34.023 [JavaFX Application Thread] DEBUG GameApplicationServi - Clearing previous game
12:13:34.023 [JavaFX Application Thread] DEBUG GameScene            - Clearing game scene
12:13:34.023 [JavaFX Application Thread] DEBUG GameWorld            - Clearing game world
12:13:34.023 [JavaFX Application Thread] DEBUG PhysicsWorld         - Clearing physics world
12:13:34.025 [FXGL Background Thread 1 ] DEBUG FXGLApplication      - Initializing game
12:13:34.074 [FXGL Background Thread 1 ] WARN  TMXLevelLoader       - TiledMap generated from 1.11.2. Supported version: 1.9.0. Some features may not be parsed fully.
12:13:34.270 [FXGL Background Thread 1 ] DEBUG TMXLevelLoader       - Parsed TiledMap: file:/C:/Users/deuti/Desktop/NO_HALF_SENDS/NO-HALF-SENDS/NO_HALF_SENDS/target/classes/assets/levels/Test_MK2.tmx
12:13:34.272 [FXGL Background Thread 1 ] DEBUG TMXLevelLoader       - Creating tile layer entities
12:13:34.276 [FXGL Background Thread 1 ] DEBUG TilesetLoader        - Loading view for layer Kachelebene 1
12:13:34.441 [FXGL Background Thread 1 ] DEBUG TilesetLoader        - Created buffer with size 11200.0x11200.0
12:13:34.579 [JavaFX Application Thread] DEBUG FXGLApplication      - Registering font factories with UI factory
12:13:34.654 [FXGL Background Thread 2 ] INFO  UpdaterService       - Your current version:  17.3
12:13:34.655 [FXGL Background Thread 2 ] INFO  UpdaterService       - Latest stable version: 25
12:13:34.954 [FXGL Background Thread 1 ] DEBUG TMXLevelLoader       - Creating object layer entities
12:13:34.955 [FXGL Background Thread 1 ] DEBUG GameWorld            - Clearing removable entities
12:13:34.956 [FXGL Background Thread 1 ] DEBUG GameWorld            - Setting level: com.almasb.fxgl.entity.level.Level@381e5315
12:13:34.960 [FXGL Background Thread 1 ] DEBUG FXGLAssetLoaderServi - Loading from file system: file:/C:/Users/deuti/Desktop/NO_HALF_SENDS/NO-HALF-SENDS/NO_HALF_SENDS/target/classes/assets/textures/Nissan_GTR_R35_mk2.png
12:13:34.973 [FXGL Background Thread 1 ] INFO  FXGLApplication      - Game initialization took: 0,948 sec
12:13:34.974 [JavaFX Application Thread] DEBUG Input                - Clearing active input actions
12:13:34.984 [JavaFX Application Thread] DEBUG GameApplicationServi - Removing overlay from FXGLLoadingScene and adding to GameScene
12:13:34.989 [JavaFX Application Thread] DEBUG PrimaryStageWindow   - FXGLLoadingScene -> GameScene
12:13:36.878 [FXGL Background Thread 3 ] DEBUG Engine               - Logging environment variables
12:13:36.878 [FXGL Background Thread 3 ] DEBUG Engine               - achievements: []
12:13:36.878 [FXGL Background Thread 3 ] DEBUG Engine               - actualHeight: 864.0
12:13:36.879 [FXGL Background Thread 3 ] DEBUG Engine               - actualHeightProperty: ReadOnlyDoubleProperty [value: 864.0]
12:13:36.879 [FXGL Background Thread 3 ] DEBUG Engine               - actualWidth: 1536.0
12:13:36.879 [FXGL Background Thread 3 ] DEBUG Engine               - actualWidthProperty: ReadOnlyDoubleProperty [value: 1536.0]
12:13:36.879 [FXGL Background Thread 3 ] DEBUG Engine               - appIcon: fxgl_icon.png
12:13:36.879 [FXGL Background Thread 3 ] DEBUG Engine               - applicationMode: DEVELOPER
12:13:36.879 [FXGL Background Thread 3 ] DEBUG Engine               - cSSList: [fxgl_dark.css]
12:13:36.879 [FXGL Background Thread 3 ] DEBUG Engine               - collisionDetectionStrategy: BRUTE_FORCE
12:13:36.879 [FXGL Background Thread 3 ] DEBUG Engine               - configClass: Optional.empty
12:13:36.879 [FXGL Background Thread 3 ] DEBUG Engine               - credits: []
12:13:36.879 [FXGL Background Thread 3 ] DEBUG Engine               - defaultCursor: CursorInfo(imageName=fxgl_default_cursor.png, hotspotX=7.0, hotspotY=6.0)
12:13:36.879 [FXGL Background Thread 3 ] DEBUG Engine               - devBBoxColorProperty: ObjectProperty [value: 0xff0000ff]
12:13:36.879 [FXGL Background Thread 3 ] DEBUG Engine               - devEnableDebugCameraProperty: BooleanProperty [value: false]
12:13:36.879 [FXGL Background Thread 3 ] DEBUG Engine               - devSensorColorProperty: ObjectProperty [value: 0xffff00ff]
12:13:36.879 [FXGL Background Thread 3 ] DEBUG Engine               - devShowBBoxProperty: BooleanProperty [value: false]
12:13:36.879 [FXGL Background Thread 3 ] DEBUG Engine               - devShowPositionProperty: BooleanProperty [value: false]
12:13:36.879 [FXGL Background Thread 3 ] DEBUG Engine               - enabledMenuItems: []
12:13:36.879 [FXGL Background Thread 3 ] DEBUG Engine               - engineServices: [class com.almasb.fxgl.app.services.FXGLAssetLoaderService, class com.almasb.fxgl.app.FXGLApplication$GameApplicationService, class com.almasb.fxgl.app.services.FXGLDialogService, class com.almasb.fxgl.app.services.IOTaskExecutorService, class com.almasb.fxgl.io.FileSystemService, class com.almasb.fxgl.localization.LocalizationService, class com.almasb.fxgl.app.services.SystemBundleService, class com.almasb.fxgl.profile.SaveLoadService, class com.almasb.fxgl.ui.FXGLUIFactoryServiceProvider, class com.almasb.fxgl.ui.FXGLDialogFactoryServiceProvider, class com.almasb.fxgl.audio.AudioPlayer, class com.almasb.fxgl.notification.impl.NotificationServiceProvider, class com.almasb.fxgl.achievement.AchievementService, class com.almasb.fxgl.cutscene.CutsceneService, class com.almasb.fxgl.minigames.MiniGameService, class com.almasb.fxgl.net.NetService, class com.almasb.fxgl.app.services.UpdaterService, class com.almasb.fxgl.dev.DevService]
12:13:36.879 [FXGL Background Thread 3 ] DEBUG Engine               - fontGame: Abel-Regular.ttf
12:13:36.879 [FXGL Background Thread 3 ] DEBUG Engine               - fontMono: TerminalLandMono-Regular.otf
12:13:36.879 [FXGL Background Thread 3 ] DEBUG Engine               - fontSizeScaleUI: 1.0
12:13:36.879 [FXGL Background Thread 3 ] DEBUG Engine               - fontText: Courier-Prime.ttf
12:13:36.879 [FXGL Background Thread 3 ] DEBUG Engine               - fontUI: VarelaRound-Regular.ttf
12:13:36.879 [FXGL Background Thread 3 ] DEBUG Engine               - fullScreen: BooleanProperty [value: true]
12:13:36.879 [FXGL Background Thread 3 ] DEBUG Engine               - gameDifficulty: MEDIUM
12:13:36.879 [FXGL Background Thread 3 ] DEBUG Engine               - gameDifficultyProperty: ObjectProperty [value: MEDIUM]
12:13:36.879 [FXGL Background Thread 3 ] DEBUG Engine               - globalMusicVolume: 0.5
12:13:36.879 [FXGL Background Thread 3 ] DEBUG Engine               - globalMusicVolumeProperty: DoubleProperty [value: 0.5]
12:13:36.879 [FXGL Background Thread 3 ] DEBUG Engine               - globalSoundVolume: 0.5
12:13:36.880 [FXGL Background Thread 3 ] DEBUG Engine               - globalSoundVolumeProperty: DoubleProperty [value: 0.5]
12:13:36.880 [FXGL Background Thread 3 ] DEBUG Engine               - height: 1080
12:13:36.880 [FXGL Background Thread 3 ] DEBUG Engine               - is3D: false
12:13:36.880 [FXGL Background Thread 3 ] DEBUG Engine               - isAndroid: false
12:13:36.880 [FXGL Background Thread 3 ] DEBUG Engine               - isBrowser: false
12:13:36.880 [FXGL Background Thread 3 ] DEBUG Engine               - isClickFeedbackEnabled: false
12:13:36.880 [FXGL Background Thread 3 ] DEBUG Engine               - isCloseConfirmation: false
12:13:36.880 [FXGL Background Thread 3 ] DEBUG Engine               - isDesktop: true
12:13:36.880 [FXGL Background Thread 3 ] DEBUG Engine               - isDeveloperMenuEnabled: true
12:13:36.880 [FXGL Background Thread 3 ] DEBUG Engine               - isEmbedded: false
12:13:36.880 [FXGL Background Thread 3 ] DEBUG Engine               - isEntityPreloadEnabled: true
12:13:36.880 [FXGL Background Thread 3 ] DEBUG Engine               - isExperimentalTiledLargeMap: false
12:13:36.880 [FXGL Background Thread 3 ] DEBUG Engine               - isFileSystemWriteAllowed: true
12:13:36.880 [FXGL Background Thread 3 ] DEBUG Engine               - isFullScreenAllowed: true
12:13:36.880 [FXGL Background Thread 3 ] DEBUG Engine               - isFullScreenFromStart: true
12:13:36.880 [FXGL Background Thread 3 ] DEBUG Engine               - isGameMenuEnabled: true
12:13:36.880 [FXGL Background Thread 3 ] DEBUG Engine               - isIOS: false
12:13:36.880 [FXGL Background Thread 3 ] DEBUG Engine               - isIntroEnabled: false
12:13:36.880 [FXGL Background Thread 3 ] DEBUG Engine               - isLinux: false
12:13:36.881 [FXGL Background Thread 3 ] DEBUG Engine               - isMac: false
12:13:36.881 [FXGL Background Thread 3 ] DEBUG Engine               - isMainMenuEnabled: false
12:13:36.881 [FXGL Background Thread 3 ] DEBUG Engine               - isManualResizeEnabled: false
12:13:36.881 [FXGL Background Thread 3 ] DEBUG Engine               - isMobile: false
12:13:36.881 [FXGL Background Thread 3 ] DEBUG Engine               - isNative: false
12:13:36.881 [FXGL Background Thread 3 ] DEBUG Engine               - isPauseMusicWhenMinimized: true
12:13:36.881 [FXGL Background Thread 3 ] DEBUG Engine               - isPreserveResizeRatio: false
12:13:36.881 [FXGL Background Thread 3 ] DEBUG Engine               - isProfilingEnabled: false
12:13:36.881 [FXGL Background Thread 3 ] DEBUG Engine               - isScaleAffectedOnResize: true
12:13:36.881 [FXGL Background Thread 3 ] DEBUG Engine               - isSingleStep: false
12:13:36.881 [FXGL Background Thread 3 ] DEBUG Engine               - isUserProfileEnabled: false
12:13:36.881 [FXGL Background Thread 3 ] DEBUG Engine               - isWindows: true
12:13:36.881 [FXGL Background Thread 3 ] DEBUG Engine               - language: ObjectProperty [value: ENGLISH]
12:13:36.881 [FXGL Background Thread 3 ] DEBUG Engine               - menuKey: ESCAPE
12:13:36.881 [FXGL Background Thread 3 ] DEBUG Engine               - mouseSensitivity: 0.2
12:13:36.881 [FXGL Background Thread 3 ] DEBUG Engine               - notificationViewClass: class com.almasb.fxgl.notification.view.XboxNotificationView
12:13:36.881 [FXGL Background Thread 3 ] DEBUG Engine               - pixelsPerMeter: 50.0
12:13:36.881 [FXGL Background Thread 3 ] DEBUG Engine               - platform: WINDOWS
12:13:36.881 [FXGL Background Thread 3 ] DEBUG Engine               - prefHeightProperty: ReadOnlyDoubleProperty [value: 1080.0]
12:13:36.881 [FXGL Background Thread 3 ] DEBUG Engine               - prefWidthProperty: ReadOnlyDoubleProperty [value: 1920.0]
12:13:36.881 [FXGL Background Thread 3 ] DEBUG Engine               - profileDir: profiles/
12:13:36.881 [FXGL Background Thread 3 ] DEBUG Engine               - profileName: StringProperty [value: DEFAULT]
12:13:36.881 [FXGL Background Thread 3 ] DEBUG Engine               - randomSeed: -1
12:13:36.881 [FXGL Background Thread 3 ] DEBUG Engine               - runtimeInfo: RuntimeInfo(platform=WINDOWS, version=17.3, build=30.03.2023 11.49)
12:13:36.881 [FXGL Background Thread 3 ] DEBUG Engine               - saveFileExt: sav
12:13:36.881 [FXGL Background Thread 3 ] DEBUG Engine               - scaledHeightProp$fxgl: DoubleProperty [bound, value: 864.0]
12:13:36.881 [FXGL Background Thread 3 ] DEBUG Engine               - scaledWidthProp$fxgl: DoubleProperty [bound, value: 1536.0]
12:13:36.881 [FXGL Background Thread 3 ] DEBUG Engine               - sceneFactory: com.almasb.fxgl.app.scene.SceneFactory@4c1e7367
12:13:36.881 [FXGL Background Thread 3 ] DEBUG Engine               - secondsIn24h: 60
12:13:36.881 [FXGL Background Thread 3 ] DEBUG Engine               - soundMenuBack: menu/back.wav
12:13:36.881 [FXGL Background Thread 3 ] DEBUG Engine               - soundMenuPress: menu/press.wav
12:13:36.881 [FXGL Background Thread 3 ] DEBUG Engine               - soundMenuSelect: menu/select.wav
12:13:36.881 [FXGL Background Thread 3 ] DEBUG Engine               - soundNotification: core/notification.wav
12:13:36.881 [FXGL Background Thread 3 ] DEBUG Engine               - stageStyle: DECORATED
12:13:36.881 [FXGL Background Thread 3 ] DEBUG Engine               - supportedLanguages: [ENGLISH, FRENCH, GERMAN, HUNGARIAN, RUSSIAN]
12:13:36.881 [FXGL Background Thread 3 ] DEBUG Engine               - ticksPerSecond: -1
12:13:36.881 [FXGL Background Thread 3 ] DEBUG Engine               - title: NO HALF SENDS
12:13:36.881 [FXGL Background Thread 3 ] DEBUG Engine               - urlGithub: https://github.com/AlmasB/FXGL
12:13:36.881 [FXGL Background Thread 3 ] DEBUG Engine               - urlLeaderboard: http://fxgl-top.herokuapp.com/
12:13:36.881 [FXGL Background Thread 3 ] DEBUG Engine               - urlPOM: https://raw.githubusercontent.com/AlmasB/FXGL/release/README.md
12:13:36.881 [FXGL Background Thread 3 ] DEBUG Engine               - userAppClass: class at.htl.no_half_sends.NoHalfSendsApp
12:13:36.882 [FXGL Background Thread 3 ] DEBUG Engine               - version: 0.0
12:13:36.882 [FXGL Background Thread 3 ] DEBUG Engine               - versionCheckDays: 7
12:13:36.882 [FXGL Background Thread 3 ] DEBUG Engine               - width: 1920
12:13:36.882 [FXGL Background Thread 3 ] DEBUG Engine               - Logging services
12:13:36.882 [FXGL Background Thread 3 ] DEBUG Engine               - class com.almasb.fxgl.app.services.FXGLAssetLoaderService
12:13:36.882 [FXGL Background Thread 3 ] DEBUG Engine               - class com.almasb.fxgl.app.FXGLApplication$GameApplicationService
12:13:36.882 [FXGL Background Thread 3 ] DEBUG Engine               - class com.almasb.fxgl.app.services.FXGLDialogService
12:13:36.882 [FXGL Background Thread 3 ] DEBUG Engine               - class com.almasb.fxgl.app.services.IOTaskExecutorService
12:13:36.882 [FXGL Background Thread 3 ] DEBUG Engine               - class com.almasb.fxgl.io.FileSystemService
12:13:36.882 [FXGL Background Thread 3 ] DEBUG Engine               - class com.almasb.fxgl.localization.LocalizationService
12:13:36.882 [FXGL Background Thread 3 ] DEBUG Engine               - class com.almasb.fxgl.app.services.SystemBundleService
12:13:36.882 [FXGL Background Thread 3 ] DEBUG Engine               - class com.almasb.fxgl.profile.SaveLoadService
12:13:36.882 [FXGL Background Thread 3 ] DEBUG Engine               - class com.almasb.fxgl.ui.FXGLUIFactoryServiceProvider
12:13:36.882 [FXGL Background Thread 3 ] DEBUG Engine               - class com.almasb.fxgl.ui.FXGLDialogFactoryServiceProvider
12:13:36.882 [FXGL Background Thread 3 ] DEBUG Engine               - class com.almasb.fxgl.audio.AudioPlayer
12:13:36.882 [FXGL Background Thread 3 ] DEBUG Engine               - class com.almasb.fxgl.notification.impl.NotificationServiceProvider
12:13:36.882 [FXGL Background Thread 3 ] DEBUG Engine               - class com.almasb.fxgl.achievement.AchievementService
12:13:36.882 [FXGL Background Thread 3 ] DEBUG Engine               - class com.almasb.fxgl.cutscene.CutsceneService
12:13:36.882 [FXGL Background Thread 3 ] DEBUG Engine               - class com.almasb.fxgl.minigames.MiniGameService
12:13:36.882 [FXGL Background Thread 3 ] DEBUG Engine               - class com.almasb.fxgl.net.NetService
12:13:36.882 [FXGL Background Thread 3 ] DEBUG Engine               - class com.almasb.fxgl.app.services.UpdaterService
12:13:36.882 [FXGL Background Thread 3 ] DEBUG Engine               - class com.almasb.fxgl.dev.DevService
12:14:34.775 [JavaFX Application Thread] DEBUG PrimaryStageWindow   - Push state: FXGLDefaultMenu
12:14:34.780 [JavaFX Application Thread] DEBUG Input                - Clearing active input actions
12:14:34.781 [JavaFX Application Thread] DEBUG GameApplicationServi - Removing overlay from GameScene and adding to FXGLDefaultMenu
12:14:34.782 [JavaFX Application Thread] DEBUG PrimaryStageWindow   - GameScene -> FXGLDefaultMenu
12:14:36.042 [JavaFX Application Thread] DEBUG Menu                 - fireExit()
12:14:36.044 [JavaFX Application Thread] DEBUG PrimaryStageWindow   - Push state: DialogSubScene
12:14:36.044 [JavaFX Application Thread] DEBUG Input                - Clearing active input actions
12:14:36.044 [JavaFX Application Thread] DEBUG GameApplicationServi - Removing overlay from FXGLDefaultMenu and adding to DialogSubScene
12:14:36.046 [JavaFX Application Thread] DEBUG PrimaryStageWindow   - FXGLDefaultMenu -> DialogSubScene
12:14:37.154 [JavaFX Application Thread] DEBUG PrimaryStageWindow   - Pop state: DialogSubScene
12:14:37.154 [JavaFX Application Thread] DEBUG Input                - Clearing active input actions
12:14:37.155 [JavaFX Application Thread] DEBUG GameApplicationServi - Removing overlay from DialogSubScene and adding to FXGLDefaultMenu
12:14:37.156 [JavaFX Application Thread] DEBUG PrimaryStageWindow   - FXGLDefaultMenu <- DialogSubScene
12:14:37.156 [JavaFX Application Thread] DEBUG FXGLApplication      - Exiting FXGL
12:14:37.156 [JavaFX Application Thread] DEBUG LoopRunner           - Stopping loop
12:14:37.156 [JavaFX Application Thread] DEBUG SystemBundleService  - Saving FXGL system data
12:14:37.158 [JavaFX Application Thread] DEBUG FileSystemAccess     - Writing to: C:\Users\deuti\Desktop\NO_HALF_SENDS\NO-HALF-SENDS\NO_HALF_SENDS\system\fxgl.bundle
12:14:37.160 [JavaFX Application Thread] DEBUG Async                - Shutting down background threads
12:14:37.160 [JavaFX Application Thread] DEBUG PrimaryStageWindow   - Closing main window
12:14:37.199 [JavaFX Application Thread] DEBUG Logger               - Closing Logger
