07:53:48.200 [main                     ] DEBUG Logger               - Configured Logger
07:53:48.209 [main                     ] DEBUG GameApplication      - Logging settings
Title: NO HALF SENDS
Version: 0.0
Width: 1920
Height: 1080
Fullscreen: true
Intro: false
Profiling: false
Single step:false
App Mode: DEVELOPER
Menu Key: ESCAPE
Stage Style: DECORATED
Scene Factory: class com.almasb.fxgl.app.scene.SceneFactory

07:53:49.443 [JavaFX Application Thread] DEBUG FXGLApplication      - Initializing FXGL
07:53:49.447 [JavaFX Application Thread] INFO  Engine               - FXGL-17.3 (30.03.2023 11.49) on WINDOWS (J:25.0.1 FX:21.0.6)
07:53:49.447 [JavaFX Application Thread] DEBUG Engine               - JRE Vendor Name: Oracle Corporation
07:53:49.447 [JavaFX Application Thread] DEBUG Engine               - Running on OS: Windows 11 version 10.0
07:53:49.447 [JavaFX Application Thread] DEBUG Engine               - Architecture: amd64
07:53:49.447 [JavaFX Application Thread] INFO  Engine               - Source code and latest versions at: https://github.com/AlmasB/FXGL
07:53:49.447 [JavaFX Application Thread] INFO  Engine               -       Ask questions and discuss at: https://github.com/AlmasB/FXGL/discussions
07:53:49.448 [JavaFX Application Thread] INFO  Engine               -              Join the FXGL chat at: https://gitter.im/AlmasB/FXGL
07:53:49.791 [JavaFX Application Thread] DEBUG PrimaryStageWindow   - Creating a JavaFX scene
07:53:49.791 [JavaFX Application Thread] DEBUG PrimaryStageWindow   - Target size > screen size
07:53:49.937 [JavaFX Application Thread] DEBUG PrimaryStageWindow   - Target settings size: 1920.0 x 1080.0
07:53:49.937 [JavaFX Application Thread] DEBUG PrimaryStageWindow   - Scaled scene size:    1511.0 x 864.0
07:53:49.937 [JavaFX Application Thread] DEBUG PrimaryStageWindow   - Scaled ratio: (0.7869791666666667, 0.8)
07:53:49.938 [JavaFX Application Thread] DEBUG PrimaryStageWindow   - Set initial scene to FXGLStartupScene
07:53:49.948 [JavaFX Application Thread] DEBUG PrimaryStageWindow   - Opening main window
07:53:50.161 [JavaFX Application Thread] DEBUG PrimaryStageWindow   - Window border size: (14.5999755859375, 37.5999755859375)
07:53:50.161 [JavaFX Application Thread] DEBUG PrimaryStageWindow   - Scaled size: 1511.0 x 864.0
07:53:50.161 [JavaFX Application Thread] DEBUG PrimaryStageWindow   - Scaled ratio: (0.7869791666666667, 0.8)
07:53:50.162 [JavaFX Application Thread] DEBUG PrimaryStageWindow   - Scene size: 1511.0 x 864.0
07:53:50.162 [JavaFX Application Thread] DEBUG PrimaryStageWindow   - Stage size: 1525.5999755859375 x 901.5999755859375
07:53:50.298 [JavaFX Application Thread] DEBUG PrimaryStageWindow   - Going fullscreen
07:53:50.309 [FXGL Background Thread 1 ] DEBUG Engine               - Initializing environment variables
07:53:50.359 [FXGL Background Thread 1 ] DEBUG FXGLAssetLoaderServi - User app class for loading assets: class at.htl.no_half_sends.NoHalfSendsApp
07:53:50.360 [FXGL Background Thread 1 ] DEBUG GameApplicationServi - Applying CSS: fxgl_dark.css
07:53:50.361 [FXGL Background Thread 1 ] DEBUG FXGLAssetLoaderServi - Loading from file system: jar:file:/C:/Users/deuti/.m2/repository/com/github/almasb/fxgl/17.3/fxgl-17.3.jar!/fxglassets/ui/css/fxgl_dark.css
07:53:50.411 [FXGL Background Thread 1 ] DEBUG GameApplicationServi - Initializing application scenes
07:53:50.499 [FXGL Background Thread 1 ] DEBUG GameWorld            - Game world initialized
07:53:50.608 [FXGL Background Thread 1 ] DEBUG PhysicsWorld         - Physics world initialized: appHeight=1080, physics.ppm=50,0
07:53:50.609 [FXGL Background Thread 1 ] DEBUG PhysicsWorld         - Using strategy: BRUTE_FORCE
07:53:50.614 [FXGL Background Thread 1 ] DEBUG GameScene            - Game scene initialized: 1920x1080
07:53:50.652 [FXGL Background Thread 1 ] DEBUG FXGL.DefaultMenu     - createMenuBodyGameMenu()
07:53:50.704 [FXGL Background Thread 1 ] DEBUG FXGL.DefaultMenu     - createOptionsMenu()
07:53:50.735 [FXGL Background Thread 1 ] DEBUG FXGLAssetLoaderServi - Loading from file system: jar:file:/C:/Users/deuti/.m2/repository/com/github/almasb/fxgl/17.3/fxgl-17.3.jar!/fxglassets/textures/particles/smoke.png
07:53:50.911 [FXGL Background Thread 1 ] DEBUG FXGLAssetLoaderServi - Loading from file system: jar:file:/C:/Users/deuti/.m2/repository/com/github/almasb/fxgl/17.3/fxgl-17.3.jar!/fxglassets/textures/particles/trace_horizontal.png
07:53:50.961 [FXGL Background Thread 1 ] DEBUG GameApplicationServi - Application scenes initialized
07:53:50.983 [FXGL Background Thread 1 ] DEBUG SystemBundleService  - Loading FXGL system data
07:53:50.998 [FXGL Background Thread 1 ] DEBUG FileSystemAccess     - Reading from: C:\Users\deuti\Desktop\NO_HALF_SENDS\NO-HALF-SENDS\NO_HALF_SENDS\system\fxgl.bundle
07:53:51.004 [FXGL Background Thread 1 ] DEBUG SystemBundleService  - Bundle FXGL: {}
07:53:51.004 [FXGL Background Thread 1 ] DEBUG UpdaterService       - Checking for updates
07:53:51.068 [FXGL Background Thread 4 ] DEBUG FXGLApplication      - Loading fonts
07:53:51.069 [FXGL Background Thread 4 ] DEBUG FXGLAssetLoaderServi - Loading from file system: jar:file:/C:/Users/deuti/.m2/repository/com/github/almasb/fxgl/17.3/fxgl-17.3.jar!/fxglassets/ui/fonts/VarelaRound-Regular.ttf
07:53:51.069 [FXGL Background Thread 1 ] DEBUG FXGLApplication      - Loading default localization
07:53:51.070 [FXGL Background Thread 1 ] DEBUG FXGLAssetLoaderServi - Loading from file system: jar:file:/C:/Users/deuti/.m2/repository/com/github/almasb/fxgl/17.3/fxgl-17.3.jar!/fxglassets/languages/english.lang
07:53:51.103 [FXGL Background Thread 4 ] DEBUG FXGLAssetLoaderServi - Loading from file system: jar:file:/C:/Users/deuti/.m2/repository/com/github/almasb/fxgl/17.3/fxgl-17.3.jar!/fxglassets/ui/fonts/Abel-Regular.ttf
07:53:51.125 [FXGL Background Thread 4 ] DEBUG FXGLAssetLoaderServi - Loading from file system: jar:file:/C:/Users/deuti/.m2/repository/com/github/almasb/fxgl/17.3/fxgl-17.3.jar!/fxglassets/ui/fonts/TerminalLandMono-Regular.otf
07:53:51.126 [FXGL Background Thread 1 ] INFO  FXGLApplication      - FXGL initialization took: 0,818 sec
07:53:51.145 [FXGL Background Thread 4 ] DEBUG FXGLAssetLoaderServi - Loading from file system: jar:file:/C:/Users/deuti/.m2/repository/com/github/almasb/fxgl/17.3/fxgl-17.3.jar!/fxglassets/ui/fonts/Courier-Prime.ttf
07:53:51.166 [JavaFX Application Thread] DEBUG Input                - Registered new binding: action0 - S
07:53:51.167 [JavaFX Application Thread] DEBUG Input                - Registered new binding: action1 - W
07:53:51.168 [JavaFX Application Thread] DEBUG Input                - Registered new binding: action2 - A
07:53:51.169 [JavaFX Application Thread] DEBUG Input                - Registered new binding: action3 - D
07:53:51.169 [JavaFX Application Thread] DEBUG FXGLAssetLoaderServi - Loading from file system: jar:file:/C:/Users/deuti/.m2/repository/com/github/almasb/fxgl/17.3/fxgl-17.3.jar!/fxglassets/textures/fxgl_icon.png
07:53:51.205 [JavaFX Application Thread] DEBUG FXGLAssetLoaderServi - Loading from file system: jar:file:/C:/Users/deuti/.m2/repository/com/github/almasb/fxgl/17.3/fxgl-17.3.jar!/fxglassets/textures/fxgl_default_cursor.png
07:53:51.210 [JavaFX Application Thread] DEBUG Input                - Registered new binding: Screenshot - CTRL+8
07:53:51.210 [JavaFX Application Thread] DEBUG Input                - Registered new binding: Dev Options - 1
07:53:51.211 [JavaFX Application Thread] DEBUG Input                - Registered new binding: Dev Console - 2
07:53:51.211 [JavaFX Application Thread] DEBUG Input                - Registered new binding: System info dump - CTRL+9
07:53:51.212 [JavaFX Application Thread] DEBUG Input                - Registered new binding: Restart - CTRL+R
07:53:51.214 [JavaFX Application Thread] DEBUG Input                - Registered new binding: Toggle Debug Camera - CTRL+7
07:53:51.219 [JavaFX Application Thread] DEBUG LoopRunner           - Starting loop
07:53:51.248 [JavaFX Application Thread] DEBUG LoopRunner           - Initializing JavaFX AnimationTimerLoop
07:53:51.252 [JavaFX Application Thread] DEBUG GameApplicationServi - Starting new game
07:53:51.253 [JavaFX Application Thread] DEBUG Input                - Clearing active input actions
07:53:51.270 [JavaFX Application Thread] DEBUG GameApplicationServi - Removing overlay from FXGLStartupScene and adding to FXGLLoadingScene
07:53:51.274 [JavaFX Application Thread] DEBUG PrimaryStageWindow   - FXGLStartupScene -> FXGLLoadingScene
07:53:51.275 [JavaFX Application Thread] DEBUG GameApplicationServi - Clearing previous game
07:53:51.275 [JavaFX Application Thread] DEBUG GameScene            - Clearing game scene
07:53:51.275 [JavaFX Application Thread] DEBUG GameWorld            - Clearing game world
07:53:51.275 [JavaFX Application Thread] DEBUG PhysicsWorld         - Clearing physics world
07:53:51.276 [FXGL Background Thread 4 ] DEBUG FXGLApplication      - Initializing game
07:53:51.276 [JavaFX Application Thread] DEBUG FXGLApplication      - Registering font factories with UI factory
07:53:52.440 [FXGL Background Thread 4 ] WARN  TMXLevelLoader       - TiledMap generated from 1.11.2. Supported version: 1.9.0. Some features may not be parsed fully.
07:53:52.591 [FXGL Background Thread 4 ] DEBUG TMXLevelLoader       - Parsed TiledMap: file:/C:/Users/deuti/Desktop/NO_HALF_SENDS/NO-HALF-SENDS/NO_HALF_SENDS/target/classes/assets/levels/Test_MK2.tmx
07:53:52.593 [FXGL Background Thread 4 ] DEBUG TMXLevelLoader       - Creating tile layer entities
07:53:52.595 [FXGL Background Thread 4 ] DEBUG TilesetLoader        - Loading view for layer Kachelebene 1
07:53:52.775 [FXGL Background Thread 4 ] DEBUG TilesetLoader        - Created buffer with size 11200.0x11200.0
07:53:53.317 [FXGL Background Thread 4 ] DEBUG TMXLevelLoader       - Creating object layer entities
07:53:53.319 [FXGL Background Thread 4 ] DEBUG GameWorld            - Clearing removable entities
07:53:53.321 [FXGL Background Thread 4 ] DEBUG GameWorld            - Setting level: com.almasb.fxgl.entity.level.Level@32b3cd2c
07:53:53.329 [FXGL Background Thread 4 ] DEBUG FXGLAssetLoaderServi - Loading from file system: file:/C:/Users/deuti/Desktop/NO_HALF_SENDS/NO-HALF-SENDS/NO_HALF_SENDS/target/classes/assets/textures/Nissan_GTR_R35_mk2.png
07:53:53.476 [FXGL Background Thread 4 ] INFO  FXGLApplication      - Game initialization took: 2,200 sec
07:53:53.479 [JavaFX Application Thread] DEBUG Input                - Clearing active input actions
07:53:53.487 [JavaFX Application Thread] DEBUG GameApplicationServi - Removing overlay from FXGLLoadingScene and adding to GameScene
07:53:53.494 [JavaFX Application Thread] DEBUG PrimaryStageWindow   - FXGLLoadingScene -> GameScene
07:53:53.864 [FXGL Background Thread 2 ] INFO  UpdaterService       - Your current version:  17.3
07:53:53.864 [FXGL Background Thread 2 ] INFO  UpdaterService       - Latest stable version: 25
07:53:54.068 [FXGL Background Thread 3 ] DEBUG Engine               - Logging environment variables
07:53:54.069 [FXGL Background Thread 3 ] DEBUG Engine               - achievements: []
07:53:54.069 [FXGL Background Thread 3 ] DEBUG Engine               - actualHeight: 864.0
07:53:54.069 [FXGL Background Thread 3 ] DEBUG Engine               - actualHeightProperty: ReadOnlyDoubleProperty [value: 864.0]
07:53:54.069 [FXGL Background Thread 3 ] DEBUG Engine               - actualWidth: 1536.0
07:53:54.069 [FXGL Background Thread 3 ] DEBUG Engine               - actualWidthProperty: ReadOnlyDoubleProperty [value: 1536.0]
07:53:54.069 [FXGL Background Thread 3 ] DEBUG Engine               - appIcon: fxgl_icon.png
07:53:54.069 [FXGL Background Thread 3 ] DEBUG Engine               - applicationMode: DEVELOPER
07:53:54.069 [FXGL Background Thread 3 ] DEBUG Engine               - cSSList: [fxgl_dark.css]
07:53:54.069 [FXGL Background Thread 3 ] DEBUG Engine               - collisionDetectionStrategy: BRUTE_FORCE
07:53:54.069 [FXGL Background Thread 3 ] DEBUG Engine               - configClass: Optional.empty
07:53:54.069 [FXGL Background Thread 3 ] DEBUG Engine               - credits: []
07:53:54.070 [FXGL Background Thread 3 ] DEBUG Engine               - defaultCursor: CursorInfo(imageName=fxgl_default_cursor.png, hotspotX=7.0, hotspotY=6.0)
07:53:54.070 [FXGL Background Thread 3 ] DEBUG Engine               - devBBoxColorProperty: ObjectProperty [value: 0xff0000ff]
07:53:54.070 [FXGL Background Thread 3 ] DEBUG Engine               - devEnableDebugCameraProperty: BooleanProperty [value: false]
07:53:54.070 [FXGL Background Thread 3 ] DEBUG Engine               - devSensorColorProperty: ObjectProperty [value: 0xffff00ff]
07:53:54.070 [FXGL Background Thread 3 ] DEBUG Engine               - devShowBBoxProperty: BooleanProperty [value: false]
07:53:54.070 [FXGL Background Thread 3 ] DEBUG Engine               - devShowPositionProperty: BooleanProperty [value: false]
07:53:54.070 [FXGL Background Thread 3 ] DEBUG Engine               - enabledMenuItems: []
07:53:54.070 [FXGL Background Thread 3 ] DEBUG Engine               - engineServices: [class com.almasb.fxgl.app.services.FXGLAssetLoaderService, class com.almasb.fxgl.app.FXGLApplication$GameApplicationService, class com.almasb.fxgl.app.services.FXGLDialogService, class com.almasb.fxgl.app.services.IOTaskExecutorService, class com.almasb.fxgl.io.FileSystemService, class com.almasb.fxgl.localization.LocalizationService, class com.almasb.fxgl.app.services.SystemBundleService, class com.almasb.fxgl.profile.SaveLoadService, class com.almasb.fxgl.ui.FXGLUIFactoryServiceProvider, class com.almasb.fxgl.ui.FXGLDialogFactoryServiceProvider, class com.almasb.fxgl.audio.AudioPlayer, class com.almasb.fxgl.notification.impl.NotificationServiceProvider, class com.almasb.fxgl.achievement.AchievementService, class com.almasb.fxgl.cutscene.CutsceneService, class com.almasb.fxgl.minigames.MiniGameService, class com.almasb.fxgl.net.NetService, class com.almasb.fxgl.app.services.UpdaterService, class com.almasb.fxgl.dev.DevService]
07:53:54.070 [FXGL Background Thread 3 ] DEBUG Engine               - fontGame: Abel-Regular.ttf
07:53:54.070 [FXGL Background Thread 3 ] DEBUG Engine               - fontMono: TerminalLandMono-Regular.otf
07:53:54.070 [FXGL Background Thread 3 ] DEBUG Engine               - fontSizeScaleUI: 1.0
07:53:54.070 [FXGL Background Thread 3 ] DEBUG Engine               - fontText: Courier-Prime.ttf
07:53:54.070 [FXGL Background Thread 3 ] DEBUG Engine               - fontUI: VarelaRound-Regular.ttf
07:53:54.070 [FXGL Background Thread 3 ] DEBUG Engine               - fullScreen: BooleanProperty [value: true]
07:53:54.070 [FXGL Background Thread 3 ] DEBUG Engine               - gameDifficulty: MEDIUM
07:53:54.070 [FXGL Background Thread 3 ] DEBUG Engine               - gameDifficultyProperty: ObjectProperty [value: MEDIUM]
07:53:54.072 [FXGL Background Thread 3 ] DEBUG Engine               - globalMusicVolume: 0.5
07:53:54.072 [FXGL Background Thread 3 ] DEBUG Engine               - globalMusicVolumeProperty: DoubleProperty [value: 0.5]
07:53:54.072 [FXGL Background Thread 3 ] DEBUG Engine               - globalSoundVolume: 0.5
07:53:54.072 [FXGL Background Thread 3 ] DEBUG Engine               - globalSoundVolumeProperty: DoubleProperty [value: 0.5]
07:53:54.072 [FXGL Background Thread 3 ] DEBUG Engine               - height: 1080
07:53:54.072 [FXGL Background Thread 3 ] DEBUG Engine               - is3D: false
07:53:54.073 [FXGL Background Thread 3 ] DEBUG Engine               - isAndroid: false
07:53:54.073 [FXGL Background Thread 3 ] DEBUG Engine               - isBrowser: false
07:53:54.073 [FXGL Background Thread 3 ] DEBUG Engine               - isClickFeedbackEnabled: false
07:53:54.073 [FXGL Background Thread 3 ] DEBUG Engine               - isCloseConfirmation: false
07:53:54.074 [FXGL Background Thread 3 ] DEBUG Engine               - isDesktop: true
07:53:54.074 [FXGL Background Thread 3 ] DEBUG Engine               - isDeveloperMenuEnabled: true
07:53:54.074 [FXGL Background Thread 3 ] DEBUG Engine               - isEmbedded: false
07:53:54.074 [FXGL Background Thread 3 ] DEBUG Engine               - isEntityPreloadEnabled: true
07:53:54.074 [FXGL Background Thread 3 ] DEBUG Engine               - isExperimentalTiledLargeMap: false
07:53:54.074 [FXGL Background Thread 3 ] DEBUG Engine               - isFileSystemWriteAllowed: true
07:53:54.074 [FXGL Background Thread 3 ] DEBUG Engine               - isFullScreenAllowed: true
07:53:54.074 [FXGL Background Thread 3 ] DEBUG Engine               - isFullScreenFromStart: true
07:53:54.074 [FXGL Background Thread 3 ] DEBUG Engine               - isGameMenuEnabled: true
07:53:54.074 [FXGL Background Thread 3 ] DEBUG Engine               - isIOS: false
07:53:54.074 [FXGL Background Thread 3 ] DEBUG Engine               - isIntroEnabled: false
07:53:54.074 [FXGL Background Thread 3 ] DEBUG Engine               - isLinux: false
07:53:54.075 [FXGL Background Thread 3 ] DEBUG Engine               - isMac: false
07:53:54.075 [FXGL Background Thread 3 ] DEBUG Engine               - isMainMenuEnabled: false
07:53:54.075 [FXGL Background Thread 3 ] DEBUG Engine               - isManualResizeEnabled: false
07:53:54.075 [FXGL Background Thread 3 ] DEBUG Engine               - isMobile: false
07:53:54.075 [FXGL Background Thread 3 ] DEBUG Engine               - isNative: false
07:53:54.075 [FXGL Background Thread 3 ] DEBUG Engine               - isPauseMusicWhenMinimized: true
07:53:54.075 [FXGL Background Thread 3 ] DEBUG Engine               - isPreserveResizeRatio: false
07:53:54.075 [FXGL Background Thread 3 ] DEBUG Engine               - isProfilingEnabled: false
07:53:54.075 [FXGL Background Thread 3 ] DEBUG Engine               - isScaleAffectedOnResize: true
07:53:54.075 [FXGL Background Thread 3 ] DEBUG Engine               - isSingleStep: false
07:53:54.075 [FXGL Background Thread 3 ] DEBUG Engine               - isUserProfileEnabled: false
07:53:54.075 [FXGL Background Thread 3 ] DEBUG Engine               - isWindows: true
07:53:54.075 [FXGL Background Thread 3 ] DEBUG Engine               - language: ObjectProperty [value: ENGLISH]
07:53:54.075 [FXGL Background Thread 3 ] DEBUG Engine               - menuKey: ESCAPE
07:53:54.075 [FXGL Background Thread 3 ] DEBUG Engine               - mouseSensitivity: 0.2
07:53:54.075 [FXGL Background Thread 3 ] DEBUG Engine               - notificationViewClass: class com.almasb.fxgl.notification.view.XboxNotificationView
07:53:54.075 [FXGL Background Thread 3 ] DEBUG Engine               - pixelsPerMeter: 50.0
07:53:54.075 [FXGL Background Thread 3 ] DEBUG Engine               - platform: WINDOWS
07:53:54.075 [FXGL Background Thread 3 ] DEBUG Engine               - prefHeightProperty: ReadOnlyDoubleProperty [value: 1080.0]
07:53:54.076 [FXGL Background Thread 3 ] DEBUG Engine               - prefWidthProperty: ReadOnlyDoubleProperty [value: 1920.0]
07:53:54.076 [FXGL Background Thread 3 ] DEBUG Engine               - profileDir: profiles/
07:53:54.076 [FXGL Background Thread 3 ] DEBUG Engine               - profileName: StringProperty [value: DEFAULT]
07:53:54.076 [FXGL Background Thread 3 ] DEBUG Engine               - randomSeed: -1
07:53:54.076 [FXGL Background Thread 3 ] DEBUG Engine               - runtimeInfo: RuntimeInfo(platform=WINDOWS, version=17.3, build=30.03.2023 11.49)
07:53:54.076 [FXGL Background Thread 3 ] DEBUG Engine               - saveFileExt: sav
07:53:54.076 [FXGL Background Thread 3 ] DEBUG Engine               - scaledHeightProp$fxgl: DoubleProperty [bound, value: 864.0]
07:53:54.076 [FXGL Background Thread 3 ] DEBUG Engine               - scaledWidthProp$fxgl: DoubleProperty [bound, value: 1536.0]
07:53:54.076 [FXGL Background Thread 3 ] DEBUG Engine               - sceneFactory: com.almasb.fxgl.app.scene.SceneFactory@d3a3d24
07:53:54.076 [FXGL Background Thread 3 ] DEBUG Engine               - secondsIn24h: 60
07:53:54.077 [FXGL Background Thread 3 ] DEBUG Engine               - soundMenuBack: menu/back.wav
07:53:54.077 [FXGL Background Thread 3 ] DEBUG Engine               - soundMenuPress: menu/press.wav
07:53:54.077 [FXGL Background Thread 3 ] DEBUG Engine               - soundMenuSelect: menu/select.wav
07:53:54.077 [FXGL Background Thread 3 ] DEBUG Engine               - soundNotification: core/notification.wav
07:53:54.077 [FXGL Background Thread 3 ] DEBUG Engine               - stageStyle: DECORATED
07:53:54.077 [FXGL Background Thread 3 ] DEBUG Engine               - supportedLanguages: [ENGLISH, FRENCH, GERMAN, HUNGARIAN, RUSSIAN]
07:53:54.077 [FXGL Background Thread 3 ] DEBUG Engine               - ticksPerSecond: -1
07:53:54.077 [FXGL Background Thread 3 ] DEBUG Engine               - title: NO HALF SENDS
07:53:54.077 [FXGL Background Thread 3 ] DEBUG Engine               - urlGithub: https://github.com/AlmasB/FXGL
07:53:54.077 [FXGL Background Thread 3 ] DEBUG Engine               - urlLeaderboard: http://fxgl-top.herokuapp.com/
07:53:54.077 [FXGL Background Thread 3 ] DEBUG Engine               - urlPOM: https://raw.githubusercontent.com/AlmasB/FXGL/release/README.md
07:53:54.077 [FXGL Background Thread 3 ] DEBUG Engine               - userAppClass: class at.htl.no_half_sends.NoHalfSendsApp
07:53:54.077 [FXGL Background Thread 3 ] DEBUG Engine               - version: 0.0
07:53:54.077 [FXGL Background Thread 3 ] DEBUG Engine               - versionCheckDays: 7
07:53:54.077 [FXGL Background Thread 3 ] DEBUG Engine               - width: 1920
07:53:54.077 [FXGL Background Thread 3 ] DEBUG Engine               - Logging services
07:53:54.077 [FXGL Background Thread 3 ] DEBUG Engine               - class com.almasb.fxgl.app.services.FXGLAssetLoaderService
07:53:54.077 [FXGL Background Thread 3 ] DEBUG Engine               - class com.almasb.fxgl.app.FXGLApplication$GameApplicationService
07:53:54.077 [FXGL Background Thread 3 ] DEBUG Engine               - class com.almasb.fxgl.app.services.FXGLDialogService
07:53:54.077 [FXGL Background Thread 3 ] DEBUG Engine               - class com.almasb.fxgl.app.services.IOTaskExecutorService
07:53:54.077 [FXGL Background Thread 3 ] DEBUG Engine               - class com.almasb.fxgl.io.FileSystemService
07:53:54.078 [FXGL Background Thread 3 ] DEBUG Engine               - class com.almasb.fxgl.localization.LocalizationService
07:53:54.078 [FXGL Background Thread 3 ] DEBUG Engine               - class com.almasb.fxgl.app.services.SystemBundleService
07:53:54.078 [FXGL Background Thread 3 ] DEBUG Engine               - class com.almasb.fxgl.profile.SaveLoadService
07:53:54.078 [FXGL Background Thread 3 ] DEBUG Engine               - class com.almasb.fxgl.ui.FXGLUIFactoryServiceProvider
07:53:54.078 [FXGL Background Thread 3 ] DEBUG Engine               - class com.almasb.fxgl.ui.FXGLDialogFactoryServiceProvider
07:53:54.078 [FXGL Background Thread 3 ] DEBUG Engine               - class com.almasb.fxgl.audio.AudioPlayer
07:53:54.078 [FXGL Background Thread 3 ] DEBUG Engine               - class com.almasb.fxgl.notification.impl.NotificationServiceProvider
07:53:54.078 [FXGL Background Thread 3 ] DEBUG Engine               - class com.almasb.fxgl.achievement.AchievementService
07:53:54.078 [FXGL Background Thread 3 ] DEBUG Engine               - class com.almasb.fxgl.cutscene.CutsceneService
07:53:54.078 [FXGL Background Thread 3 ] DEBUG Engine               - class com.almasb.fxgl.minigames.MiniGameService
07:53:54.078 [FXGL Background Thread 3 ] DEBUG Engine               - class com.almasb.fxgl.net.NetService
07:53:54.078 [FXGL Background Thread 3 ] DEBUG Engine               - class com.almasb.fxgl.app.services.UpdaterService
07:53:54.078 [FXGL Background Thread 3 ] DEBUG Engine               - class com.almasb.fxgl.dev.DevService
07:54:12.096 [JavaFX Application Thread] DEBUG PrimaryStageWindow   - Push state: FXGLDefaultMenu
07:54:13.288 [JavaFX Application Thread] DEBUG Input                - Clearing active input actions
07:54:13.292 [JavaFX Application Thread] DEBUG GameApplicationServi - Removing overlay from GameScene and adding to FXGLDefaultMenu
07:54:13.294 [JavaFX Application Thread] DEBUG PrimaryStageWindow   - GameScene -> FXGLDefaultMenu
07:54:13.325 [JavaFX Application Thread] DEBUG PrimaryStageWindow   - Pop state: FXGLDefaultMenu
07:54:13.325 [JavaFX Application Thread] DEBUG Input                - Clearing active input actions
07:54:13.326 [JavaFX Application Thread] DEBUG GameApplicationServi - Removing overlay from FXGLDefaultMenu and adding to GameScene
07:54:13.326 [JavaFX Application Thread] DEBUG PrimaryStageWindow   - GameScene <- FXGLDefaultMenu
07:54:13.849 [JavaFX Application Thread] DEBUG PrimaryStageWindow   - Push state: FXGLDefaultMenu
07:54:13.849 [JavaFX Application Thread] DEBUG Input                - Clearing active input actions
07:54:13.850 [JavaFX Application Thread] DEBUG GameApplicationServi - Removing overlay from GameScene and adding to FXGLDefaultMenu
07:54:13.851 [JavaFX Application Thread] DEBUG PrimaryStageWindow   - GameScene -> FXGLDefaultMenu
07:54:14.869 [JavaFX Application Thread] DEBUG Menu                 - fireExit()
07:54:14.872 [JavaFX Application Thread] DEBUG PrimaryStageWindow   - Push state: DialogSubScene
07:54:14.872 [JavaFX Application Thread] DEBUG Input                - Clearing active input actions
07:54:14.872 [JavaFX Application Thread] DEBUG GameApplicationServi - Removing overlay from FXGLDefaultMenu and adding to DialogSubScene
07:54:14.873 [JavaFX Application Thread] DEBUG PrimaryStageWindow   - FXGLDefaultMenu -> DialogSubScene
07:54:16.183 [JavaFX Application Thread] DEBUG PrimaryStageWindow   - Pop state: DialogSubScene
07:54:16.183 [JavaFX Application Thread] DEBUG Input                - Clearing active input actions
07:54:16.184 [JavaFX Application Thread] DEBUG GameApplicationServi - Removing overlay from DialogSubScene and adding to FXGLDefaultMenu
07:54:16.185 [JavaFX Application Thread] DEBUG PrimaryStageWindow   - FXGLDefaultMenu <- DialogSubScene
07:54:16.185 [JavaFX Application Thread] DEBUG FXGLApplication      - Exiting FXGL
07:54:16.185 [JavaFX Application Thread] DEBUG LoopRunner           - Stopping loop
07:54:16.185 [JavaFX Application Thread] DEBUG SystemBundleService  - Saving FXGL system data
07:54:16.186 [JavaFX Application Thread] DEBUG FileSystemAccess     - Writing to: C:\Users\deuti\Desktop\NO_HALF_SENDS\NO-HALF-SENDS\NO_HALF_SENDS\system\fxgl.bundle
07:54:16.187 [JavaFX Application Thread] DEBUG Async                - Shutting down background threads
07:54:16.187 [JavaFX Application Thread] DEBUG PrimaryStageWindow   - Closing main window
07:54:16.609 [JavaFX Application Thread] DEBUG Logger               - Closing Logger
